<?xml version="1.0" encoding="UTF-8"?>
<testsuite name="HVL.Scheduler.SimulationTest" tests="1" skipped="0" failures="0" errors="0" timestamp="2025-10-08T07:43:14.081Z" hostname="Dons-MacBook-Pro.local" time="0.012">
  <properties/>
  <testcase name="testPSJF()" classname="HVL.Scheduler.SimulationTest" time="0.012"/>
  <system-out><![CDATA[T=0 Scheduled: T1 Ready: T2, T3
T=1 Scheduled: T3 Ready: T2
T=2 Scheduled: T3 Ready: T2
T=3 Scheduled: T3 Ready: T2
T=4 Scheduled: T4 Ready: T2, T5, T6
T=5 Scheduled: T4 Ready: T2, T5, T6
T=6 Scheduled: T5 Ready: T2, T6
T=7 Scheduled: T5 Ready: T2, T6
T=8 Scheduled: T5 Ready: T2, T6
T=9 Scheduled: T5 Ready: T2, T6
T=10 Scheduled: T2 Ready: T6
T=11 Scheduled: T2 Ready: T6
T=12 Scheduled: T8 Ready: T6, T7, T2
T=13 Scheduled: T8 Ready: T6, T7, T2
T=14 Scheduled: T2 Ready: T6, T7
T=15 Scheduled: T2 Ready: T6, T7
T=16 Scheduled: T2 Ready: T6, T7, T9, T10
T=17 Scheduled: T9 Ready: T6, T7, T10
T=18 Scheduled: T10 Ready: T6, T7
T=19 Scheduled: T10 Ready: T6, T7
T=20 Scheduled: T10 Ready: T6, T7
T=21 Scheduled: T10 Ready: T6, T7
T=22 Scheduled: T7 Ready: T6
T=23 Scheduled: T7 Ready: T6
T=24 Scheduled: T7 Ready: T6
T=25 Scheduled: T7 Ready: T6
T=26 Scheduled: T7 Ready: T6
T=27 Scheduled: T6 Ready: 
T=28 Scheduled: T6 Ready: 
T=29 Scheduled: T6 Ready: 
T=30 Scheduled: T6 Ready: 
T=31 Scheduled: T6 Ready: 
T=32 Scheduled: T6 Ready: 
T=33 Scheduled: Ready: 
]]></system-out>
  <system-err><![CDATA[]]></system-err>
</testsuite>
